#-----------------------------------------------------------
# Vivado v2020.1 (64-bit)
# SW Build 2902540 on Wed May 27 19:54:49 MDT 2020
# IP Build 2902112 on Wed May 27 22:43:36 MDT 2020
# Start of session at: Wed Dec  9 13:03:47 2020
# Process ID: 14236
# Current directory: C:/Users/Facu Bosack/Documents/tp3-arqui/TP3
# Command line: vivado.exe -gui_launcher_event rodinguilauncherevent4860 C:\Users\Facu Bosack\Documents\tp3-arqui\TP3\TP3.xpr
# Log file: C:/Users/Facu Bosack/Documents/tp3-arqui/TP3/vivado.log
# Journal file: C:/Users/Facu Bosack/Documents/tp3-arqui/TP3\vivado.jou
#-----------------------------------------------------------
start_gui
open_project {C:/Users/Facu Bosack/Documents/tp3-arqui/TP3/TP3.xpr}
Scanning sources...
Finished scanning sources
INFO: [IP_Flow 19-234] Refreshing IP repositories
INFO: [IP_Flow 19-1704] No user IP repositories specified
INFO: [IP_Flow 19-2313] Loaded Vivado IP repository 'C:/Xilinx/Vivado/2020.1/data/ip'.
open_project: Time (s): cpu = 00:00:23 ; elapsed = 00:00:57 . Memory (MB): peak = 1012.949 ; gain = 0.000
update_compile_order -fileset sources_1
close [ open {C:/Users/Facu Bosack/Documents/tp3-arqui/TP3/TP3.srcs/sources_1/new/Testbench.v} w ]
add_files {{C:/Users/Facu Bosack/Documents/tp3-arqui/TP3/TP3.srcs/sources_1/new/Testbench.v}}
update_compile_order -fileset sources_1
close [ open {C:/Users/Facu Bosack/Documents/tp3-arqui/TP3/TP3.srcs/sources_1/new/Rx.v} w ]
add_files {{C:/Users/Facu Bosack/Documents/tp3-arqui/TP3/TP3.srcs/sources_1/new/Rx.v}}
update_compile_order -fileset sources_1
close [ open {C:/Users/Facu Bosack/Documents/tp3-arqui/TP3/TP3.srcs/sources_1/new/baud_rate_gen_2.v} w ]
add_files {{C:/Users/Facu Bosack/Documents/tp3-arqui/TP3/TP3.srcs/sources_1/new/baud_rate_gen_2.v}}
update_compile_order -fileset sources_1
close_project
open_project {C:/Users/Facu Bosack/Documents/tp3-arqui/TP3/TP3.xpr}
INFO: [Project 1-313] Project file moved from 'C:/Users/augus/Documents/Git/tp3-arqui/TP3' since last save.
Scanning sources...
Finished scanning sources
INFO: [IP_Flow 19-234] Refreshing IP repositories
INFO: [IP_Flow 19-1704] No user IP repositories specified
INFO: [IP_Flow 19-2313] Loaded Vivado IP repository 'C:/Xilinx/Vivado/2020.1/data/ip'.
update_compile_order -fileset sources_1
exit
INFO: [Common 17-206] Exiting Vivado at Wed Dec  9 22:00:00 2020...
