#-----------------------------------------------------------
# Vivado v2020.1 (64-bit)
# SW Build 2902540 on Wed May 27 19:54:49 MDT 2020
# IP Build 2902112 on Wed May 27 22:43:36 MDT 2020
# Start of session at: Mon Dec  7 12:30:47 2020
# Process ID: 4376
# Current directory: C:/Users/Facu Bosack/Documents/tp3-arqui/TP3
# Command line: vivado.exe -gui_launcher_event rodinguilauncherevent12604 C:\Users\Facu Bosack\Documents\tp3-arqui\TP3\TP3.xpr
# Log file: C:/Users/Facu Bosack/Documents/tp3-arqui/TP3/vivado.log
# Journal file: C:/Users/Facu Bosack/Documents/tp3-arqui/TP3\vivado.jou
#-----------------------------------------------------------
start_gui
open_project {C:/Users/Facu Bosack/Documents/tp3-arqui/TP3/TP3.xpr}
INFO: [Project 1-313] Project file moved from 'C:/Users/augus/Documents/Arquitectura de computadoras/TP3' since last save.
Scanning sources...
Finished scanning sources
WARNING: [filemgmt 56-2] IPUserFilesDir: Could not find the directory 'C:/Users/Facu Bosack/Documents/tp3-arqui/TP3/TP3.ip_user_files', nor could it be found using path 'C:/Users/augus/Documents/Arquitectura de computadoras/TP3/TP3.ip_user_files'.
INFO: [IP_Flow 19-234] Refreshing IP repositories
INFO: [IP_Flow 19-1704] No user IP repositories specified
INFO: [IP_Flow 19-2313] Loaded Vivado IP repository 'C:/Xilinx/Vivado/2020.1/data/ip'.
open_project: Time (s): cpu = 00:00:22 ; elapsed = 00:00:43 . Memory (MB): peak = 977.172 ; gain = 0.000
update_compile_order -fileset sources_1
exit
INFO: [Common 17-206] Exiting Vivado at Mon Dec  7 15:17:04 2020...
